2024-11-19 19:10:13 - c.s.dataentry.HelloworldApplication -INFO: Starting HelloworldApplication using Java 22.0.2 with PID 23424 (C:\Users\peddo\IdeaProjects\helloworld\target\classes started by SaiKiran in C:\Users\peddo\IdeaProjects\helloworld)
2024-11-19 19:10:13 - c.s.dataentry.HelloworldApplication -INFO: No active profile set, falling back to 1 default profile: "default"
2024-11-19 19:10:13 - o.s.d.r.c.RepositoryConfigurationDelegate -INFO: Bootstrapping Spring Data JPA repositories in DEFAULT mode.
2024-11-19 19:10:14 - o.s.d.r.c.RepositoryConfigurationDelegate -INFO: Finished Spring Data repository scanning in 52 ms. Found 1 JPA repository interface.
2024-11-19 19:10:14 - o.s.b.w.e.tomcat.TomcatWebServer -INFO: Tomcat initialized with port 8080 (http)
2024-11-19 19:10:14 - o.a.coyote.http11.Http11NioProtocol -INFO: Initializing ProtocolHandler ["http-nio-8080"]
2024-11-19 19:10:14 - o.a.catalina.core.StandardService -INFO: Starting service [Tomcat]
2024-11-19 19:10:14 - o.a.catalina.core.StandardEngine -INFO: Starting Servlet engine: [Apache Tomcat/10.1.30]
2024-11-19 19:10:14 - o.a.c.c.C.[Tomcat].[localhost].[/] -INFO: Initializing Spring embedded WebApplicationContext
2024-11-19 19:10:14 - o.s.b.w.s.c.ServletWebServerApplicationContext -INFO: Root WebApplicationContext: initialization completed in 1485 ms
2024-11-19 19:10:14 - o.s.b.w.s.c.AnnotationConfigServletWebServerApplicationContext -WARN: Exception encountered during context initialization - cancelling refresh attempt: org.springframework.beans.factory.BeanCreationException: Error creating bean with name 'entityManagerFactory' defined in class path resource [org/springframework/boot/autoconfigure/orm/jpa/HibernateJpaConfiguration.class]: Failed to initialize dependency 'dataSourceScriptDatabaseInitializer' of LoadTimeWeaverAware bean 'entityManagerFactory': Error creating bean with name 'dataSourceScriptDatabaseInitializer' defined in class path resource [org/springframework/boot/autoconfigure/sql/init/DataSourceInitializationConfiguration.class]: Unsatisfied dependency expressed through method 'dataSourceScriptDatabaseInitializer' parameter 0: Error creating bean with name 'dataSource' defined in class path resource [org/springframework/boot/autoconfigure/jdbc/DataSourceConfiguration$Hikari.class]: Failed to instantiate [com.zaxxer.hikari.HikariDataSource]: Factory method 'dataSource' threw exception with message: Cannot load driver class: com.mysql.cj.jdbc.Driver
2024-11-19 19:10:14 - o.a.catalina.core.StandardService -INFO: Stopping service [Tomcat]
2024-11-19 19:10:14 - o.s.b.a.l.ConditionEvaluationReportLogger -INFO: 

Error starting ApplicationContext. To display the condition evaluation report re-run your application with 'debug' enabled.
2024-11-19 19:10:14 - o.s.boot.SpringApplication -ERROR: Application run failed
org.springframework.beans.factory.BeanCreationException: Error creating bean with name 'entityManagerFactory' defined in class path resource [org/springframework/boot/autoconfigure/orm/jpa/HibernateJpaConfiguration.class]: Failed to initialize dependency 'dataSourceScriptDatabaseInitializer' of LoadTimeWeaverAware bean 'entityManagerFactory': Error creating bean with name 'dataSourceScriptDatabaseInitializer' defined in class path resource [org/springframework/boot/autoconfigure/sql/init/DataSourceInitializationConfiguration.class]: Unsatisfied dependency expressed through method 'dataSourceScriptDatabaseInitializer' parameter 0: Error creating bean with name 'dataSource' defined in class path resource [org/springframework/boot/autoconfigure/jdbc/DataSourceConfiguration$Hikari.class]: Failed to instantiate [com.zaxxer.hikari.HikariDataSource]: Factory method 'dataSource' threw exception with message: Cannot load driver class: com.mysql.cj.jdbc.Driver
	at org.springframework.beans.factory.support.AbstractBeanFactory.doGetBean(AbstractBeanFactory.java:326)
	at org.springframework.beans.factory.support.AbstractBeanFactory.getBean(AbstractBeanFactory.java:205)
	at org.springframework.context.support.AbstractApplicationContext.finishBeanFactoryInitialization(AbstractApplicationContext.java:954)
	at org.springframework.context.support.AbstractApplicationContext.refresh(AbstractApplicationContext.java:625)
	at org.springframework.boot.web.servlet.context.ServletWebServerApplicationContext.refresh(ServletWebServerApplicationContext.java:146)
	at org.springframework.boot.SpringApplication.refresh(SpringApplication.java:754)
	at org.springframework.boot.SpringApplication.refreshContext(SpringApplication.java:456)
	at org.springframework.boot.SpringApplication.run(SpringApplication.java:335)
	at org.springframework.boot.SpringApplication.run(SpringApplication.java:1363)
	at org.springframework.boot.SpringApplication.run(SpringApplication.java:1352)
	at com.springdemo.dataentry.HelloworldApplication.main(HelloworldApplication.java:11)
Caused by: org.springframework.beans.factory.UnsatisfiedDependencyException: Error creating bean with name 'dataSourceScriptDatabaseInitializer' defined in class path resource [org/springframework/boot/autoconfigure/sql/init/DataSourceInitializationConfiguration.class]: Unsatisfied dependency expressed through method 'dataSourceScriptDatabaseInitializer' parameter 0: Error creating bean with name 'dataSource' defined in class path resource [org/springframework/boot/autoconfigure/jdbc/DataSourceConfiguration$Hikari.class]: Failed to instantiate [com.zaxxer.hikari.HikariDataSource]: Factory method 'dataSource' threw exception with message: Cannot load driver class: com.mysql.cj.jdbc.Driver
	at org.springframework.beans.factory.support.ConstructorResolver.createArgumentArray(ConstructorResolver.java:795)
	at org.springframework.beans.factory.support.ConstructorResolver.instantiateUsingFactoryMethod(ConstructorResolver.java:542)
	at org.springframework.beans.factory.support.AbstractAutowireCapableBeanFactory.instantiateUsingFactoryMethod(AbstractAutowireCapableBeanFactory.java:1355)
	at org.springframework.beans.factory.support.AbstractAutowireCapableBeanFactory.createBeanInstance(AbstractAutowireCapableBeanFactory.java:1185)
	at org.springframework.beans.factory.support.AbstractAutowireCapableBeanFactory.doCreateBean(AbstractAutowireCapableBeanFactory.java:562)
	at org.springframework.beans.factory.support.AbstractAutowireCapableBeanFactory.createBean(AbstractAutowireCapableBeanFactory.java:522)
	at org.springframework.beans.factory.support.AbstractBeanFactory.lambda$doGetBean$0(AbstractBeanFactory.java:337)
	at org.springframework.beans.factory.support.DefaultSingletonBeanRegistry.getSingleton(DefaultSingletonBeanRegistry.java:234)
	at org.springframework.beans.factory.support.AbstractBeanFactory.doGetBean(AbstractBeanFactory.java:335)
	at org.springframework.beans.factory.support.AbstractBeanFactory.getBean(AbstractBeanFactory.java:200)
	at org.springframework.beans.factory.support.AbstractBeanFactory.doGetBean(AbstractBeanFactory.java:313)
	... 10 common frames omitted
Caused by: org.springframework.beans.factory.BeanCreationException: Error creating bean with name 'dataSource' defined in class path resource [org/springframework/boot/autoconfigure/jdbc/DataSourceConfiguration$Hikari.class]: Failed to instantiate [com.zaxxer.hikari.HikariDataSource]: Factory method 'dataSource' threw exception with message: Cannot load driver class: com.mysql.cj.jdbc.Driver
	at org.springframework.beans.factory.support.ConstructorResolver.instantiate(ConstructorResolver.java:648)
	at org.springframework.beans.factory.support.ConstructorResolver.instantiateUsingFactoryMethod(ConstructorResolver.java:636)
	at org.springframework.beans.factory.support.AbstractAutowireCapableBeanFactory.instantiateUsingFactoryMethod(AbstractAutowireCapableBeanFactory.java:1355)
	at org.springframework.beans.factory.support.AbstractAutowireCapableBeanFactory.createBeanInstance(AbstractAutowireCapableBeanFactory.java:1185)
	at org.springframework.beans.factory.support.AbstractAutowireCapableBeanFactory.doCreateBean(AbstractAutowireCapableBeanFactory.java:562)
	at org.springframework.beans.factory.support.AbstractAutowireCapableBeanFactory.createBean(AbstractAutowireCapableBeanFactory.java:522)
	at org.springframework.beans.factory.support.AbstractBeanFactory.lambda$doGetBean$0(AbstractBeanFactory.java:337)
	at org.springframework.beans.factory.support.DefaultSingletonBeanRegistry.getSingleton(DefaultSingletonBeanRegistry.java:234)
	at org.springframework.beans.factory.support.AbstractBeanFactory.doGetBean(AbstractBeanFactory.java:335)
	at org.springframework.beans.factory.support.AbstractBeanFactory.getBean(AbstractBeanFactory.java:200)
	at org.springframework.beans.factory.config.DependencyDescriptor.resolveCandidate(DependencyDescriptor.java:254)
	at org.springframework.beans.factory.support.DefaultListableBeanFactory.doResolveDependency(DefaultListableBeanFactory.java:1443)
	at org.springframework.beans.factory.support.DefaultListableBeanFactory.resolveDependency(DefaultListableBeanFactory.java:1353)
	at org.springframework.beans.factory.support.ConstructorResolver.resolveAutowiredArgument(ConstructorResolver.java:904)
	at org.springframework.beans.factory.support.ConstructorResolver.createArgumentArray(ConstructorResolver.java:782)
	... 20 common frames omitted
Caused by: org.springframework.beans.BeanInstantiationException: Failed to instantiate [com.zaxxer.hikari.HikariDataSource]: Factory method 'dataSource' threw exception with message: Cannot load driver class: com.mysql.cj.jdbc.Driver
	at org.springframework.beans.factory.support.SimpleInstantiationStrategy.instantiate(SimpleInstantiationStrategy.java:178)
	at org.springframework.beans.factory.support.ConstructorResolver.instantiate(ConstructorResolver.java:644)
	... 34 common frames omitted
Caused by: java.lang.IllegalStateException: Cannot load driver class: com.mysql.cj.jdbc.Driver
	at org.springframework.util.Assert.state(Assert.java:97)
	at org.springframework.boot.autoconfigure.jdbc.DataSourceProperties.determineDriverClassName(DataSourceProperties.java:175)
	at org.springframework.boot.autoconfigure.jdbc.PropertiesJdbcConnectionDetails.getDriverClassName(PropertiesJdbcConnectionDetails.java:49)
	at org.springframework.boot.autoconfigure.jdbc.DataSourceConfiguration.createDataSource(DataSourceConfiguration.java:55)
	at org.springframework.boot.autoconfigure.jdbc.DataSourceConfiguration$Hikari.dataSource(DataSourceConfiguration.java:117)
	at java.base/jdk.internal.reflect.DirectMethodHandleAccessor.invoke(DirectMethodHandleAccessor.java:103)
	at java.base/java.lang.reflect.Method.invoke(Method.java:580)
	at org.springframework.beans.factory.support.SimpleInstantiationStrategy.instantiate(SimpleInstantiationStrategy.java:146)
	... 35 common frames omitted
2024-11-19 19:30:47 - c.s.dataentry.HelloworldApplication -INFO: Starting HelloworldApplication using Java 22.0.2 with PID 17700 (C:\Users\peddo\IdeaProjects\helloworld\target\classes started by SaiKiran in C:\Users\peddo\IdeaProjects\helloworld)
2024-11-19 19:30:47 - c.s.dataentry.HelloworldApplication -INFO: No active profile set, falling back to 1 default profile: "default"
2024-11-19 19:30:47 - o.s.d.r.c.RepositoryConfigurationDelegate -INFO: Bootstrapping Spring Data JPA repositories in DEFAULT mode.
2024-11-19 19:30:47 - o.s.d.r.c.RepositoryConfigurationDelegate -INFO: Finished Spring Data repository scanning in 40 ms. Found 1 JPA repository interface.
2024-11-19 19:30:48 - o.s.b.w.e.tomcat.TomcatWebServer -INFO: Tomcat initialized with port 8080 (http)
2024-11-19 19:30:48 - o.a.coyote.http11.Http11NioProtocol -INFO: Initializing ProtocolHandler ["http-nio-8080"]
2024-11-19 19:30:48 - o.a.catalina.core.StandardService -INFO: Starting service [Tomcat]
2024-11-19 19:30:48 - o.a.catalina.core.StandardEngine -INFO: Starting Servlet engine: [Apache Tomcat/10.1.30]
2024-11-19 19:30:48 - o.a.c.c.C.[Tomcat].[localhost].[/] -INFO: Initializing Spring embedded WebApplicationContext
2024-11-19 19:30:48 - o.s.b.w.s.c.ServletWebServerApplicationContext -INFO: Root WebApplicationContext: initialization completed in 1175 ms
2024-11-19 19:30:48 - o.h.jpa.internal.util.LogHelper -INFO: HHH000204: Processing PersistenceUnitInfo [name: default]
2024-11-19 19:30:48 - org.hibernate.Version -INFO: HHH000412: Hibernate ORM core version 6.5.3.Final
2024-11-19 19:30:48 - o.h.c.i.RegionFactoryInitiator -INFO: HHH000026: Second-level cache disabled
2024-11-19 19:30:49 - o.s.o.j.p.SpringPersistenceUnitInfo -INFO: No LoadTimeWeaver setup: ignoring JPA class transformer
2024-11-19 19:30:49 - com.zaxxer.hikari.HikariDataSource -INFO: HikariPool-1 - Starting...
2024-11-19 19:30:49 - com.zaxxer.hikari.pool.HikariPool -INFO: HikariPool-1 - Added connection com.mysql.cj.jdbc.ConnectionImpl@7ac685ef
2024-11-19 19:30:49 - com.zaxxer.hikari.HikariDataSource -INFO: HikariPool-1 - Start completed.
2024-11-19 19:30:50 - o.h.e.t.j.p.i.JtaPlatformInitiator -INFO: HHH000489: No JTA platform available (set 'hibernate.transaction.jta.platform' to enable JTA platform integration)
2024-11-19 19:30:50 - o.s.o.j.LocalContainerEntityManagerFactoryBean -INFO: Initialized JPA EntityManagerFactory for persistence unit 'default'
2024-11-19 19:30:50 - o.s.b.a.o.j.JpaBaseConfiguration$JpaWebConfiguration -WARN: spring.jpa.open-in-view is enabled by default. Therefore, database queries may be performed during view rendering. Explicitly configure spring.jpa.open-in-view to disable this warning
2024-11-19 19:30:51 - o.a.coyote.http11.Http11NioProtocol -INFO: Starting ProtocolHandler ["http-nio-8080"]
2024-11-19 19:30:51 - o.s.b.w.e.tomcat.TomcatWebServer -INFO: Tomcat started on port 8080 (http) with context path '/'
2024-11-19 19:30:51 - c.s.dataentry.HelloworldApplication -INFO: Started HelloworldApplication in 4.592 seconds (process running for 5.563)
2024-11-19 19:33:41 - o.a.c.c.C.[Tomcat].[localhost].[/] -INFO: Initializing Spring DispatcherServlet 'dispatcherServlet'
2024-11-19 19:33:41 - o.s.web.servlet.DispatcherServlet -INFO: Initializing Servlet 'dispatcherServlet'
2024-11-19 19:33:41 - o.s.web.servlet.DispatcherServlet -INFO: Completed initialization in 2 ms
2024-11-19 19:33:41 - c.s.d.controller.HelloController -INFO: Received request to get all users and calling getAllUsers() method in service class
2024-11-19 19:33:41 - c.s.d.controller.HelloController -INFO: Users found from the service methods are : []
2024-11-19 19:33:49 - c.s.d.controller.HelloController -INFO: Received request to create a new user: User [id=null, name=Vottakayalu 1, age=25]
2024-11-19 19:33:50 - c.s.d.controller.HelloController -INFO: User successfully saved with name: User [id=1, name=Vottakayalu 1, age=25]
2024-11-19 19:33:54 - c.s.d.controller.HelloController -INFO: Received request to get all users and calling getAllUsers() method in service class
2024-11-19 19:33:54 - c.s.d.controller.HelloController -INFO: Users found from the service methods are : [User [id=1, name=Vottakayalu 1, age=25]]
2024-11-19 19:45:48 - o.s.o.j.LocalContainerEntityManagerFactoryBean -INFO: Closing JPA EntityManagerFactory for persistence unit 'default'
2024-11-19 19:45:48 - com.zaxxer.hikari.HikariDataSource -INFO: HikariPool-1 - Shutdown initiated...
2024-11-19 19:45:48 - com.zaxxer.hikari.HikariDataSource -INFO: HikariPool-1 - Shutdown completed.
2024-11-19 19:45:53 - c.s.dataentry.HelloworldApplication -INFO: Starting HelloworldApplication using Java 22.0.2 with PID 19196 (C:\Users\peddo\IdeaProjects\helloworld\target\classes started by SaiKiran in C:\Users\peddo\IdeaProjects\helloworld)
2024-11-19 19:45:53 - c.s.dataentry.HelloworldApplication -INFO: No active profile set, falling back to 1 default profile: "default"
2024-11-19 19:45:53 - o.s.d.r.c.RepositoryConfigurationDelegate -INFO: Bootstrapping Spring Data JPA repositories in DEFAULT mode.
2024-11-19 19:45:53 - o.s.d.r.c.RepositoryConfigurationDelegate -INFO: Finished Spring Data repository scanning in 42 ms. Found 1 JPA repository interface.
2024-11-19 19:45:54 - o.s.b.w.e.tomcat.TomcatWebServer -INFO: Tomcat initialized with port 8080 (http)
2024-11-19 19:45:54 - o.a.coyote.http11.Http11NioProtocol -INFO: Initializing ProtocolHandler ["http-nio-8080"]
2024-11-19 19:45:54 - o.a.catalina.core.StandardService -INFO: Starting service [Tomcat]
2024-11-19 19:45:54 - o.a.catalina.core.StandardEngine -INFO: Starting Servlet engine: [Apache Tomcat/10.1.30]
2024-11-19 19:45:54 - o.a.c.c.C.[Tomcat].[localhost].[/] -INFO: Initializing Spring embedded WebApplicationContext
2024-11-19 19:45:54 - o.s.b.w.s.c.ServletWebServerApplicationContext -INFO: Root WebApplicationContext: initialization completed in 1077 ms
2024-11-19 19:45:54 - o.h.jpa.internal.util.LogHelper -INFO: HHH000204: Processing PersistenceUnitInfo [name: default]
2024-11-19 19:45:54 - org.hibernate.Version -INFO: HHH000412: Hibernate ORM core version 6.5.3.Final
2024-11-19 19:45:54 - o.h.c.i.RegionFactoryInitiator -INFO: HHH000026: Second-level cache disabled
2024-11-19 19:45:54 - o.s.o.j.p.SpringPersistenceUnitInfo -INFO: No LoadTimeWeaver setup: ignoring JPA class transformer
2024-11-19 19:45:54 - com.zaxxer.hikari.HikariDataSource -INFO: HikariPool-1 - Starting...
2024-11-19 19:45:55 - com.zaxxer.hikari.pool.HikariPool -INFO: HikariPool-1 - Added connection com.mysql.cj.jdbc.ConnectionImpl@27e21083
2024-11-19 19:45:55 - com.zaxxer.hikari.HikariDataSource -INFO: HikariPool-1 - Start completed.
2024-11-19 19:45:55 - o.h.e.t.j.p.i.JtaPlatformInitiator -INFO: HHH000489: No JTA platform available (set 'hibernate.transaction.jta.platform' to enable JTA platform integration)
2024-11-19 19:45:55 - o.s.o.j.LocalContainerEntityManagerFactoryBean -INFO: Initialized JPA EntityManagerFactory for persistence unit 'default'
2024-11-19 19:45:56 - o.s.b.a.o.j.JpaBaseConfiguration$JpaWebConfiguration -WARN: spring.jpa.open-in-view is enabled by default. Therefore, database queries may be performed during view rendering. Explicitly configure spring.jpa.open-in-view to disable this warning
2024-11-19 19:45:56 - o.a.coyote.http11.Http11NioProtocol -INFO: Starting ProtocolHandler ["http-nio-8080"]
2024-11-19 19:45:56 - o.s.b.w.e.tomcat.TomcatWebServer -INFO: Tomcat started on port 8080 (http) with context path '/'
2024-11-19 19:45:56 - c.s.dataentry.HelloworldApplication -INFO: Started HelloworldApplication in 3.766 seconds (process running for 4.619)
2024-11-19 19:46:25 - o.a.c.c.C.[Tomcat].[localhost].[/] -INFO: Initializing Spring DispatcherServlet 'dispatcherServlet'
2024-11-19 19:46:25 - o.s.web.servlet.DispatcherServlet -INFO: Initializing Servlet 'dispatcherServlet'
2024-11-19 19:46:25 - o.s.web.servlet.DispatcherServlet -INFO: Completed initialization in 2 ms
2024-11-19 19:46:25 - c.s.d.controller.HelloController -INFO: Received request to get all users and calling getAllUsers() method in service class
2024-11-19 19:46:26 - c.s.d.controller.HelloController -INFO: Users found from the service methods are : [User [id=1, name=Vottakayalu 1, age=25]]
2024-11-19 19:49:06 - c.s.d.controller.HelloController -INFO: Received id and sending it to the service method:1
2024-11-19 19:49:06 - c.s.d.controller.HelloController -INFO: User with id: 1 is deleted successfully by the service method
2024-11-19 19:49:24 - c.s.d.controller.HelloController -INFO: Received request to create a new user: User [id=null, name=John, age=25]
2024-11-19 19:49:24 - c.s.d.controller.HelloController -INFO: User successfully saved with name: User [id=2, name=John, age=25]
2024-11-19 19:49:40 - c.s.d.controller.HelloController -INFO: Received request to create a new user: User [id=null, name=Ashok, age=28]
2024-11-19 19:49:40 - c.s.d.controller.HelloController -INFO: User successfully saved with name: User [id=3, name=Ashok, age=28]
2024-11-19 19:49:58 - c.s.d.controller.HelloController -INFO: Received request to create a new user: User [id=null, name=Surya, age=35]
2024-11-19 19:49:58 - c.s.d.controller.HelloController -INFO: User successfully saved with name: User [id=4, name=Surya, age=35]
2024-11-19 20:04:38 - o.s.o.j.LocalContainerEntityManagerFactoryBean -INFO: Closing JPA EntityManagerFactory for persistence unit 'default'
2024-11-19 20:04:38 - com.zaxxer.hikari.HikariDataSource -INFO: HikariPool-1 - Shutdown initiated...
2024-11-19 20:04:38 - com.zaxxer.hikari.HikariDataSource -INFO: HikariPool-1 - Shutdown completed.
